#
# There is insufficient memory for the Java Runtime Environment to continue.
# Native memory allocation (malloc) failed to allocate 130256 bytes for Chunk::new
# Possible reasons:
#   The system is out of physical RAM or swap space
#   The process is running with CompressedOops enabled, and the Java Heap may be blocking the growth of the native heap
# Possible solutions:
#   Reduce memory load on the system
#   Increase physical memory or swap space
#   Check if swap backing store is full
#   Decrease Java heap size (-Xmx/-Xms)
#   Decrease number of Java threads
#   Decrease Java thread stack sizes (-Xss)
#   Set larger code cache with -XX:ReservedCodeCacheSize=
#   JVM is running with Unscaled Compressed Oops mode in which the Java heap is
#     placed in the first 4GB address space. The Java Heap base address is the
#     maximum limit for the native heap growth. Please use -XX:HeapBaseMinAddress
#     to set the Java Heap base and to place the Java Heap above 4GB virtual address.
# This output file may be truncated or incomplete.
#
#  Out of Memory Error (./open/src/hotspot/share/memory/arena.cpp:197), pid=21152, tid=23604
#
# JRE version: Java(TM) SE Runtime Environment 18.9 (11.0.19+9) (build 11.0.19+9-LTS-224)
# Java VM: Java HotSpot(TM) 64-Bit Server VM 18.9 (11.0.19+9-LTS-224, mixed mode, tiered, compressed oops, g1 gc, windows-amd64)
# No core dump will be written. Minidumps are not enabled by default on client versions of Windows
#

---------------  S U M M A R Y ------------

Command Line: -Dclassworlds.conf=C:\Users\HP\apache-maven-3.9.3-bin\apache-maven-3.9.3\bin\m2.conf -Dmaven.home=C:\Users\HP\apache-maven-3.9.3-bin\apache-maven-3.9.3 -Dlibrary.jansi.path=C:\Users\HP\apache-maven-3.9.3-bin\apache-maven-3.9.3\lib\jansi-native -Dmaven.multiModuleProjectDirectory=C:\Users\HP\Desktop\Sacco-Frontend org.codehaus.plexus.classworlds.launcher.Launcher package

Host: Intel(R) Core(TM) i3-1005G1 CPU @ 1.20GHz, 4 cores, 3G,  Windows 11 , 64 bit Build 23481 (10.0.23481.1000)
Time: Fri Jul 21 14:07:32 2023 E. Africa Standard Time elapsed time: 1.034257 seconds (0d 0h 0m 1s)

---------------  T H R E A D  ---------------

Current thread (0x0000026dd56cd000):  JavaThread "C2 CompilerThread0" daemon [_thread_in_native, id=23604, stack(0x000000da5bf00000,0x000000da5c000000)]


Current CompileTask:
C2:   1034  657       4       java.util.HashMap::putVal (300 bytes)

Stack: [0x000000da5bf00000,0x000000da5c000000]
Native frames: (J=compiled Java code, j=interpreted, Vv=VM code, C=native code)
V  [jvm.dll+0x65fe1a]
V  [jvm.dll+0x7a2bbf]
V  [jvm.dll+0x7a4289]
V  [jvm.dll+0x7a4923]
V  [jvm.dll+0x258a25]
V  [jvm.dll+0xb29cc]
V  [jvm.dll+0xb2f8c]
V  [jvm.dll+0x2ca132]
V  [jvm.dll+0x56f1dc]
V  [jvm.dll+0x210f07]
V  [jvm.dll+0x213169]
V  [jvm.dll+0x2105e4]
V  [jvm.dll+0x18c841]
V  [jvm.dll+0x220989]
V  [jvm.dll+0x21ecac]
V  [jvm.dll+0x766921]
V  [jvm.dll+0x75f2e4]
V  [jvm.dll+0x65ecc5]
C  [ucrtbase.dll+0x29363]
C  [KERNEL32.DLL+0x126ad]
C  [ntdll.dll+0x5aa08]


---------------  P R O C E S S  ---------------

Threads class SMR info:
_java_thread_list=0x0000026dd5929a60, length=10, elements={
0x0000026db9f4d000, 0x0000026dd5664800, 0x0000026dd5668800, 0x0000026dd56c5800,
0x0000026dd56c9000, 0x0000026dd56cb000, 0x0000026dd56cd000, 0x0000026dd56d0800,
0x0000026dd56d3000, 0x0000026dd5946000
}

Java Threads: ( => current thread )
  0x0000026db9f4d000 JavaThread "main" [_thread_in_native, id=6248, stack(0x000000da5b300000,0x000000da5b400000)]
  0x0000026dd5664800 JavaThread "Reference Handler" daemon [_thread_blocked, id=20724, stack(0x000000da5ba00000,0x000000da5bb00000)]
  0x0000026dd5668800 JavaThread "Finalizer" daemon [_thread_blocked, id=1964, stack(0x000000da5bb00000,0x000000da5bc00000)]
  0x0000026dd56c5800 JavaThread "Signal Dispatcher" daemon [_thread_blocked, id=10344, stack(0x000000da5bc00000,0x000000da5bd00000)]
  0x0000026dd56c9000 JavaThread "Attach Listener" daemon [_thread_blocked, id=11732, stack(0x000000da5bd00000,0x000000da5be00000)]
  0x0000026dd56cb000 JavaThread "Service Thread" daemon [_thread_blocked, id=14812, stack(0x000000da5be00000,0x000000da5bf00000)]
=>0x0000026dd56cd000 JavaThread "C2 CompilerThread0" daemon [_thread_in_native, id=23604, stack(0x000000da5bf00000,0x000000da5c000000)]
  0x0000026dd56d0800 JavaThread "C1 CompilerThread0" daemon [_thread_in_native, id=17084, stack(0x000000da5c000000,0x000000da5c100000)]
  0x0000026dd56d3000 JavaThread "Sweeper thread" daemon [_thread_blocked, id=12208, stack(0x000000da5c100000,0x000000da5c200000)]
  0x0000026dd5946000 JavaThread "Common-Cleaner" daemon [_thread_blocked, id=23052, stack(0x000000da5c300000,0x000000da5c400000)]

Other Threads:
  0x0000026dd563e800 VMThread "VM Thread" [stack: 0x000000da5b900000,0x000000da5ba00000] [id=26424]
  0x0000026dd5945800 WatcherThread [stack: 0x000000da5c200000,0x000000da5c300000] [id=24092]
  0x0000026db9f63800 GCTaskThread "GC Thread#0" [stack: 0x000000da5b400000,0x000000da5b500000] [id=5956]
  0x0000026db9f7e800 ConcurrentGCThread "G1 Main Marker" [stack: 0x000000da5b500000,0x000000da5b600000] [id=15832]
  0x0000026db9f80800 ConcurrentGCThread "G1 Conc#0" [stack: 0x000000da5b600000,0x000000da5b700000] [id=3832]
  0x0000026db9fc9800 ConcurrentGCThread "G1 Refine#0" [stack: 0x000000da5b700000,0x000000da5b800000] [id=20128]
  0x0000026db9fcc800 ConcurrentGCThread "G1 Young RemSet Sampling" [stack: 0x000000da5b800000,0x000000da5b900000] [id=17316]

Threads with active compile tasks:
C2 CompilerThread0     1115  657       4       java.util.HashMap::putVal (300 bytes)
C1 CompilerThread0     1115  720   !   3       java.util.zip.Inflater::needsInput (55 bytes)

VM state:not at safepoint (normal execution)

VM Mutex/Monitor currently owned by a thread: None

Heap address: 0x00000000c4000000, size: 960 MB, Compressed Oops mode: 32-bit
Narrow klass base: 0x0000000000000000, Narrow klass shift: 3
Compressed class space size: 1073741824 Address: 0x0000000100000000

Heap:
 garbage-first heap   total 61440K, used 9216K [0x00000000c4000000, 0x0000000100000000)
  region size 1024K, 11 young (11264K), 0 survivors (0K)
 Metaspace       used 9696K, capacity 9852K, committed 9984K, reserved 1058816K
  class space    used 894K, capacity 987K, committed 1024K, reserved 1048576K
Heap Regions: E=young(eden), S=young(survivor), O=old, HS=humongous(starts), HC=humongous(continues), CS=collection set, F=free, A=archive, TAMS=top-at-mark-start (previous, next)
|   0|0x00000000c4000000, 0x00000000c4000000, 0x00000000c4100000|  0%| F|  |TAMS 0x00000000c4000000, 0x00000000c4000000| Untracked 
|   1|0x00000000c4100000, 0x00000000c4100000, 0x00000000c4200000|  0%| F|  |TAMS 0x00000000c4100000, 0x00000000c4100000| Untracked 
|   2|0x00000000c4200000, 0x00000000c4200000, 0x00000000c4300000|  0%| F|  |TAMS 0x00000000c4200000, 0x00000000c4200000| Untracked 
|   3|0x00000000c4300000, 0x00000000c4300000, 0x00000000c4400000|  0%| F|  |TAMS 0x00000000c4300000, 0x00000000c4300000| Untracked 
|   4|0x00000000c4400000, 0x00000000c4400000, 0x00000000c4500000|  0%| F|  |TAMS 0x00000000c4400000, 0x00000000c4400000| Untracked 
|   5|0x00000000c4500000, 0x00000000c4500000, 0x00000000c4600000|  0%| F|  |TAMS 0x00000000c4500000, 0x00000000c4500000| Untracked 
|   6|0x00000000c4600000, 0x00000000c4600000, 0x00000000c4700000|  0%| F|  |TAMS 0x00000000c4600000, 0x00000000c4600000| Untracked 
|   7|0x00000000c4700000, 0x00000000c4700000, 0x00000000c4800000|  0%| F|  |TAMS 0x00000000c4700000, 0x00000000c4700000| Untracked 
|   8|0x00000000c4800000, 0x00000000c4800000, 0x00000000c4900000|  0%| F|  |TAMS 0x00000000c4800000, 0x00000000c4800000| Untracked 
|   9|0x00000000c4900000, 0x00000000c4900000, 0x00000000c4a00000|  0%| F|  |TAMS 0x00000000c4900000, 0x00000000c4900000| Untracked 
|  10|0x00000000c4a00000, 0x00000000c4a00000, 0x00000000c4b00000|  0%| F|  |TAMS 0x00000000c4a00000, 0x00000000c4a00000| Untracked 
|  11|0x00000000c4b00000, 0x00000000c4b00000, 0x00000000c4c00000|  0%| F|  |TAMS 0x00000000c4b00000, 0x00000000c4b00000| Untracked 
|  12|0x00000000c4c00000, 0x00000000c4c00000, 0x00000000c4d00000|  0%| F|  |TAMS 0x00000000c4c00000, 0x00000000c4c00000| Untracked 
|  13|0x00000000c4d00000, 0x00000000c4d00000, 0x00000000c4e00000|  0%| F|  |TAMS 0x00000000c4d00000, 0x00000000c4d00000| Untracked 
|  14|0x00000000c4e00000, 0x00000000c4e00000, 0x00000000c4f00000|  0%| F|  |TAMS 0x00000000c4e00000, 0x00000000c4e00000| Untracked 
|  15|0x00000000c4f00000, 0x00000000c4f00000, 0x00000000c5000000|  0%| F|  |TAMS 0x00000000c4f00000, 0x00000000c4f00000| Untracked 
|  16|0x00000000c5000000, 0x00000000c5000000, 0x00000000c5100000|  0%| F|  |TAMS 0x00000000c5000000, 0x00000000c5000000| Untracked 
|  17|0x00000000c5100000, 0x00000000c5100000, 0x00000000c5200000|  0%| F|  |TAMS 0x00000000c5100000, 0x00000000c5100000| Untracked 
|  18|0x00000000c5200000, 0x00000000c5200000, 0x00000000c5300000|  0%| F|  |TAMS 0x00000000c5200000, 0x00000000c5200000| Untracked 
|  19|0x00000000c5300000, 0x00000000c5300000, 0x00000000c5400000|  0%| F|  |TAMS 0x00000000c5300000, 0x00000000c5300000| Untracked 
|  20|0x00000000c5400000, 0x00000000c5400000, 0x00000000c5500000|  0%| F|  |TAMS 0x00000000c5400000, 0x00000000c5400000| Untracked 
|  21|0x00000000c5500000, 0x00000000c5500000, 0x00000000c5600000|  0%| F|  |TAMS 0x00000000c5500000, 0x00000000c5500000| Untracked 
|  22|0x00000000c5600000, 0x00000000c5600000, 0x00000000c5700000|  0%| F|  |TAMS 0x00000000c5600000, 0x00000000c5600000| Untracked 
|  23|0x00000000c5700000, 0x00000000c5700000, 0x00000000c5800000|  0%| F|  |TAMS 0x00000000c5700000, 0x00000000c5700000| Untracked 
|  24|0x00000000c5800000, 0x00000000c5800000, 0x00000000c5900000|  0%| F|  |TAMS 0x00000000c5800000, 0x00000000c5800000| Untracked 
|  25|0x00000000c5900000, 0x00000000c5900000, 0x00000000c5a00000|  0%| F|  |TAMS 0x00000000c5900000, 0x00000000c5900000| Untracked 
|  26|0x00000000c5a00000, 0x00000000c5a00000, 0x00000000c5b00000|  0%| F|  |TAMS 0x00000000c5a00000, 0x00000000c5a00000| Untracked 
|  27|0x00000000c5b00000, 0x00000000c5b00000, 0x00000000c5c00000|  0%| F|  |TAMS 0x00000000c5b00000, 0x00000000c5b00000| Untracked 
|  28|0x00000000c5c00000, 0x00000000c5c00000, 0x00000000c5d00000|  0%| F|  |TAMS 0x00000000c5c00000, 0x00000000c5c00000| Untracked 
|  29|0x00000000c5d00000, 0x00000000c5d00000, 0x00000000c5e00000|  0%| F|  |TAMS 0x00000000c5d00000, 0x00000000c5d00000| Untracked 
|  30|0x00000000c5e00000, 0x00000000c5e00000, 0x00000000c5f00000|  0%| F|  |TAMS 0x00000000c5e00000, 0x00000000c5e00000| Untracked 
|  31|0x00000000c5f00000, 0x00000000c5f00000, 0x00000000c6000000|  0%| F|  |TAMS 0x00000000c5f00000, 0x00000000c5f00000| Untracked 
|  32|0x00000000c6000000, 0x00000000c6000000, 0x00000000c6100000|  0%| F|  |TAMS 0x00000000c6000000, 0x00000000c6000000| Untracked 
|  33|0x00000000c6100000, 0x00000000c6100000, 0x00000000c6200000|  0%| F|  |TAMS 0x00000000c6100000, 0x00000000c6100000| Untracked 
|  34|0x00000000c6200000, 0x00000000c6200000, 0x00000000c6300000|  0%| F|  |TAMS 0x00000000c6200000, 0x00000000c6200000| Untracked 
|  35|0x00000000c6300000, 0x00000000c6300000, 0x00000000c6400000|  0%| F|  |TAMS 0x00000000c6300000, 0x00000000c6300000| Untracked 
|  36|0x00000000c6400000, 0x00000000c6400000, 0x00000000c6500000|  0%| F|  |TAMS 0x00000000c6400000, 0x00000000c6400000| Untracked 
|  37|0x00000000c6500000, 0x00000000c6500000, 0x00000000c6600000|  0%| F|  |TAMS 0x00000000c6500000, 0x00000000c6500000| Untracked 
|  38|0x00000000c6600000, 0x00000000c6600000, 0x00000000c6700000|  0%| F|  |TAMS 0x00000000c6600000, 0x00000000c6600000| Untracked 
|  39|0x00000000c6700000, 0x00000000c6700000, 0x00000000c6800000|  0%| F|  |TAMS 0x00000000c6700000, 0x00000000c6700000| Untracked 
|  40|0x00000000c6800000, 0x00000000c6800000, 0x00000000c6900000|  0%| F|  |TAMS 0x00000000c6800000, 0x00000000c6800000| Untracked 
|  41|0x00000000c6900000, 0x00000000c6900000, 0x00000000c6a00000|  0%| F|  |TAMS 0x00000000c6900000, 0x00000000c6900000| Untracked 
|  42|0x00000000c6a00000, 0x00000000c6a00000, 0x00000000c6b00000|  0%| F|  |TAMS 0x00000000c6a00000, 0x00000000c6a00000| Untracked 
|  43|0x00000000c6b00000, 0x00000000c6b00000, 0x00000000c6c00000|  0%| F|  |TAMS 0x00000000c6b00000, 0x00000000c6b00000| Untracked 
|  44|0x00000000c6c00000, 0x00000000c6c00000, 0x00000000c6d00000|  0%| F|  |TAMS 0x00000000c6c00000, 0x00000000c6c00000| Untracked 
|  45|0x00000000c6d00000, 0x00000000c6d00000, 0x00000000c6e00000|  0%| F|  |TAMS 0x00000000c6d00000, 0x00000000c6d00000| Untracked 
|  46|0x00000000c6e00000, 0x00000000c6e00000, 0x00000000c6f00000|  0%| F|  |TAMS 0x00000000c6e00000, 0x00000000c6e00000| Untracked 
|  47|0x00000000c6f00000, 0x00000000c6f00000, 0x00000000c7000000|  0%| F|  |TAMS 0x00000000c6f00000, 0x00000000c6f00000| Untracked 
|  48|0x00000000c7000000, 0x00000000c7000000, 0x00000000c7100000|  0%| F|  |TAMS 0x00000000c7000000, 0x00000000c7000000| Untracked 
|  49|0x00000000c7100000, 0x00000000c71d8d60, 0x00000000c7200000| 84%| E|  |TAMS 0x00000000c7100000, 0x00000000c7100000| Complete 
|  50|0x00000000c7200000, 0x00000000c7300000, 0x00000000c7300000|100%| E|CS|TAMS 0x00000000c7200000, 0x00000000c7200000| Complete 
|  51|0x00000000c7300000, 0x00000000c7400000, 0x00000000c7400000|100%| E|CS|TAMS 0x00000000c7300000, 0x00000000c7300000| Complete 
|  52|0x00000000c7400000, 0x00000000c7500000, 0x00000000c7500000|100%| E|CS|TAMS 0x00000000c7400000, 0x00000000c7400000| Complete 
|  53|0x00000000c7500000, 0x00000000c7600000, 0x00000000c7600000|100%| E|CS|TAMS 0x00000000c7500000, 0x00000000c7500000| Complete 
|  54|0x00000000c7600000, 0x00000000c7700000, 0x00000000c7700000|100%| E|CS|TAMS 0x00000000c7600000, 0x00000000c7600000| Complete 
|  55|0x00000000c7700000, 0x00000000c7800000, 0x00000000c7800000|100%| E|CS|TAMS 0x00000000c7700000, 0x00000000c7700000| Complete 
|  56|0x00000000c7800000, 0x00000000c7900000, 0x00000000c7900000|100%| E|CS|TAMS 0x00000000c7800000, 0x00000000c7800000| Complete 
|  57|0x00000000c7900000, 0x00000000c7a00000, 0x00000000c7a00000|100%| E|CS|TAMS 0x00000000c7900000, 0x00000000c7900000| Complete 
|  58|0x00000000c7a00000, 0x00000000c7b00000, 0x00000000c7b00000|100%| E|  |TAMS 0x00000000c7a00000, 0x00000000c7a00000| Complete 
|  59|0x00000000c7b00000, 0x00000000c7c00000, 0x00000000c7c00000|100%| E|CS|TAMS 0x00000000c7b00000, 0x00000000c7b00000| Complete 

Card table byte_map: [0x0000026dd0800000,0x0000026dd09e0000] _byte_map_base: 0x0000026dd01e0000

Marking Bits (Prev, Next): (CMBitMap*) 0x0000026db9f79f48, (CMBitMap*) 0x0000026db9f79f80
 Prev Bits: [0x0000026dd0bc0000, 0x0000026dd1ac0000)
 Next Bits: [0x0000026dd1ac0000, 0x0000026dd29c0000)

Polling page: 0x0000026db9720000

Metaspace:

Usage:
  Non-class:      8.66 MB capacity,     8.61 MB (>99%) used,    44.45 KB ( <1%) free+waste,     8.81 KB ( <1%) overhead. 
      Class:    987.00 KB capacity,   897.16 KB ( 91%) used,    85.84 KB (  9%) free+waste,     4.00 KB ( <1%) overhead. 
       Both:      9.62 MB capacity,     9.48 MB ( 99%) used,   130.29 KB (  1%) free+waste,    12.81 KB ( <1%) overhead. 

Virtual space:
  Non-class space:       10.00 MB reserved,       8.75 MB ( 88%) committed 
      Class space:        1.00 GB reserved,       1.00 MB ( <1%) committed 
             Both:        1.01 GB reserved,       9.75 MB ( <1%) committed 

Chunk freelists:
   Non-Class:  3.88 KB
       Class:  640 bytes
        Both:  4.50 KB

CodeHeap 'non-profiled nmethods': size=120064Kb used=174Kb max_used=174Kb free=119890Kb
 bounds [0x0000026dc90e0000, 0x0000026dc9350000, 0x0000026dd0620000]
CodeHeap 'profiled nmethods': size=120000Kb used=1365Kb max_used=1365Kb free=118634Kb
 bounds [0x0000026dc1bb0000, 0x0000026dc1e20000, 0x0000026dc90e0000]
CodeHeap 'non-nmethods': size=5696Kb used=1088Kb max_used=1096Kb free=4607Kb
 bounds [0x0000026dc1620000, 0x0000026dc1890000, 0x0000026dc1bb0000]
 total_blobs=1094 nmethods=717 adapters=289
 compilation: enabled
              stopped_count=0, restarted_count=0
 full_count=0

Compilation events (10 events):
Event: 1.019 Thread 0x0000026dd56d0800 nmethod 658 0x0000026dc1cdd790 code [0x0000026dc1cdd960, 0x0000026dc1cddfa8]
Event: 1.019 Thread 0x0000026dd56d0800  659       3       java.lang.AbstractStringBuilder::append (77 bytes)
Event: 1.020 Thread 0x0000026dd56d0800 nmethod 659 0x0000026dc1cde090 code [0x0000026dc1cde2a0, 0x0000026dc1cde928]
Event: 1.020 Thread 0x0000026dd56d0800  660       3       jdk.internal.org.objectweb.asm.ByteVector::putInt (74 bytes)
Event: 1.020 Thread 0x0000026dd56d0800 nmethod 660 0x0000026dc1cdeb90 code [0x0000026dc1cded40, 0x0000026dc1cdef88]
Event: 1.020 Thread 0x0000026dd56d0800  661       3       java.util.concurrent.ConcurrentHashMap::put (8 bytes)
Event: 1.020 Thread 0x0000026dd56d0800 nmethod 661 0x0000026dc1cdf110 code [0x0000026dc1cdf2c0, 0x0000026dc1cdf3e8]
Event: 1.020 Thread 0x0000026dd56cd000 nmethod 656 0x0000026dc910a110 code [0x0000026dc910a2a0, 0x0000026dc910a778]
Event: 1.020 Thread 0x0000026dd56cd000  657       4       java.util.HashMap::putVal (300 bytes)
Event: 1.023 Thread 0x0000026dd56d0800  662       3       java.lang.String::checkIndex (46 bytes)

GC Heap History (0 events):
No events

Deoptimization events (4 events):
Event: 0.255 Thread 0x0000026db9f4d000 Uncommon trap: reason=unstable_if action=reinterpret pc=0x0000026dc90e4724 method=java.lang.String.hashCode()I @ 14 c2
Event: 0.877 Thread 0x0000026db9f4d000 Uncommon trap: reason=unstable_if action=reinterpret pc=0x0000026dc9103728 method=org.codehaus.plexus.util.xml.pull.MXParser.more()C @ 8 c2
Event: 1.017 Thread 0x0000026db9f4d000 Uncommon trap: reason=unstable_if action=reinterpret pc=0x0000026dc90efed4 method=java.lang.StringLatin1.canEncode(I)Z @ 4 c2
Event: 1.017 Thread 0x0000026db9f4d000 Uncommon trap: reason=unstable_if action=reinterpret pc=0x0000026dc90fdfb8 method=java.lang.AbstractStringBuilder.isLatin1()Z @ 10 c2

Classes redefined (0 events):
No events

Internal exceptions (10 events):
Event: 0.672 Thread 0x0000026db9f4d000 Exception <a 'java/lang/NullPointerException'{0x00000000c778b9d8}> (0x00000000c778b9d8) thrown at [./open/src/hotspot/share/interpreter/linkResolver.cpp, line 1354]
Event: 0.672 Thread 0x0000026db9f4d000 Exception <a 'java/lang/NullPointerException'{0x00000000c778bca8}> (0x00000000c778bca8) thrown at [./open/src/hotspot/share/interpreter/linkResolver.cpp, line 1354]
Event: 0.672 Thread 0x0000026db9f4d000 Exception <a 'java/lang/NullPointerException'{0x00000000c778bf78}> (0x00000000c778bf78) thrown at [./open/src/hotspot/share/interpreter/linkResolver.cpp, line 1354]
Event: 0.672 Thread 0x0000026db9f4d000 Exception <a 'java/lang/NullPointerException'{0x00000000c778c248}> (0x00000000c778c248) thrown at [./open/src/hotspot/share/interpreter/linkResolver.cpp, line 1354]
Event: 0.689 Thread 0x0000026db9f4d000 Exception <a 'sun/nio/fs/WindowsException'{0x00000000c77be320}> (0x00000000c77be320) thrown at [./open/src/hotspot/share/prims/jni.cpp, line 611]
Event: 0.690 Thread 0x0000026db9f4d000 Exception <a 'sun/nio/fs/WindowsException'{0x00000000c77be9a8}> (0x00000000c77be9a8) thrown at [./open/src/hotspot/share/prims/jni.cpp, line 611]
Event: 0.690 Thread 0x0000026db9f4d000 Exception <a 'sun/nio/fs/WindowsException'{0x00000000c77beeb0}> (0x00000000c77beeb0) thrown at [./open/src/hotspot/share/prims/jni.cpp, line 611]
Event: 0.691 Thread 0x0000026db9f4d000 Exception <a 'sun/nio/fs/WindowsException'{0x00000000c77bf3b0}> (0x00000000c77bf3b0) thrown at [./open/src/hotspot/share/prims/jni.cpp, line 611]
Event: 0.691 Thread 0x0000026db9f4d000 Exception <a 'sun/nio/fs/WindowsException'{0x00000000c77bf868}> (0x00000000c77bf868) thrown at [./open/src/hotspot/share/prims/jni.cpp, line 611]
Event: 0.904 Thread 0x0000026db9f4d000 Exception <a 'java/lang/NoSuchMethodError'{0x00000000c7490178}: java.lang.invoke.DirectMethodHandle$Holder.invokeSpecialIFC(Ljava/lang/Object;Ljava/lang/Object;Ljava/lang/Object;Ljava/lang/Object;)Ljava/lang/Object;> (0x00000000c7490178) thrown at [./open

Events (10 events):
Event: 1.021 loading class java/text/FieldPosition
Event: 1.021 loading class java/text/FieldPosition done
Event: 1.021 loading class java/text/DigitList
Event: 1.021 loading class java/text/DigitList done
Event: 1.021 loading class java/math/RoundingMode
Event: 1.021 loading class java/math/RoundingMode done
Event: 1.022 loading class java/util/Date
Event: 1.022 loading class java/util/Date done
Event: 1.023 loading class org/codehaus/plexus/logging/console/ConsoleLoggerManager
Event: 1.023 loading class org/codehaus/plexus/logging/console/ConsoleLoggerManager done


Dynamic libraries:
0x00007ff7e9300000 - 0x00007ff7e9310000 	C:\Program Files\Java\jdk-11\bin\java.exe
0x00007ffb83f30000 - 0x00007ffb84145000 	C:\WINDOWS\SYSTEM32\ntdll.dll
0x00007ffb83700000 - 0x00007ffb837c4000 	C:\WINDOWS\System32\KERNEL32.DLL
0x00007ffb817d0000 - 0x00007ffb81b74000 	C:\WINDOWS\System32\KERNELBASE.dll
0x00007ffb812f0000 - 0x00007ffb81401000 	C:\WINDOWS\System32\ucrtbase.dll
0x00007ffb722d0000 - 0x00007ffb722e9000 	C:\Program Files\Java\jdk-11\bin\jli.dll
0x00007ffb79840000 - 0x00007ffb7985b000 	C:\Program Files\Java\jdk-11\bin\VCRUNTIME140.dll
0x00007ffb82de0000 - 0x00007ffb82e8e000 	C:\WINDOWS\System32\ADVAPI32.dll
0x00007ffb822d0000 - 0x00007ffb82377000 	C:\WINDOWS\System32\msvcrt.dll
0x00007ffb83d90000 - 0x00007ffb83e34000 	C:\WINDOWS\System32\sechost.dll
0x00007ffb83c50000 - 0x00007ffb83d67000 	C:\WINDOWS\System32\RPCRT4.dll
0x00007ffb827a0000 - 0x00007ffb8294b000 	C:\WINDOWS\System32\USER32.dll
0x00007ffb812c0000 - 0x00007ffb812e6000 	C:\WINDOWS\System32\win32u.dll
0x00007ffb83e40000 - 0x00007ffb83e69000 	C:\WINDOWS\System32\GDI32.dll
0x00007ffb81b80000 - 0x00007ffb81c99000 	C:\WINDOWS\System32\gdi32full.dll
0x00007ffb6b490000 - 0x00007ffb6b71f000 	C:\WINDOWS\WinSxS\amd64_microsoft.windows.common-controls_6595b64144ccf1df_6.0.23481.1000_none_ea968b5019ed8007\COMCTL32.dll
0x00007ffb81410000 - 0x00007ffb814aa000 	C:\WINDOWS\System32\msvcp_win.dll
0x00007ffb71b20000 - 0x00007ffb71b2a000 	C:\WINDOWS\SYSTEM32\VERSION.dll
0x00007ffb836c0000 - 0x00007ffb836f1000 	C:\WINDOWS\System32\IMM32.DLL
0x00007ffb7c7f0000 - 0x00007ffb7c7fc000 	C:\Program Files\Java\jdk-11\bin\vcruntime140_1.dll
0x00007ffb41590000 - 0x00007ffb4161e000 	C:\Program Files\Java\jdk-11\bin\msvcp140.dll
0x00007ffafccf0000 - 0x00007ffafd85c000 	C:\Program Files\Java\jdk-11\bin\server\jvm.dll
0x00007ffb79740000 - 0x00007ffb79774000 	C:\WINDOWS\SYSTEM32\WINMM.dll
0x00007ffb82390000 - 0x00007ffb82398000 	C:\WINDOWS\System32\PSAPI.DLL
0x00007ffb58870000 - 0x00007ffb58879000 	C:\WINDOWS\SYSTEM32\WSOCK32.dll
0x00007ffb82d00000 - 0x00007ffb82d71000 	C:\WINDOWS\System32\ws2_32.DLL
0x00007ffb80310000 - 0x00007ffb80328000 	C:\WINDOWS\SYSTEM32\kernel.appcore.dll
0x00007ffb7a3c0000 - 0x00007ffb7a3d0000 	C:\Program Files\Java\jdk-11\bin\verify.dll
0x00007ffb77d60000 - 0x00007ffb77f8e000 	C:\WINDOWS\SYSTEM32\DBGHELP.DLL
0x00007ffb82410000 - 0x00007ffb8279a000 	C:\WINDOWS\System32\combase.dll
0x00007ffb82950000 - 0x00007ffb82a27000 	C:\WINDOWS\System32\OLEAUT32.dll
0x00007ffb5a950000 - 0x00007ffb5a982000 	C:\WINDOWS\SYSTEM32\dbgcore.DLL
0x00007ffb81620000 - 0x00007ffb8169b000 	C:\WINDOWS\System32\bcryptPrimitives.dll
0x00007ffb6c510000 - 0x00007ffb6c538000 	C:\Program Files\Java\jdk-11\bin\java.dll
0x00007ffb79830000 - 0x00007ffb7983a000 	C:\Program Files\Java\jdk-11\bin\jimage.dll
0x00007ffb69c30000 - 0x00007ffb69c47000 	C:\Program Files\Java\jdk-11\bin\zip.dll
0x00007ffb82e90000 - 0x00007ffb836b5000 	C:\WINDOWS\System32\SHELL32.dll
0x00007ffb7f290000 - 0x00007ffb7fb81000 	C:\WINDOWS\SYSTEM32\windows.storage.dll
0x00007ffb7f150000 - 0x00007ffb7f28e000 	C:\WINDOWS\SYSTEM32\wintypes.dll
0x00007ffb83ad0000 - 0x00007ffb83bc3000 	C:\WINDOWS\System32\SHCORE.dll
0x00007ffb82b90000 - 0x00007ffb82bee000 	C:\WINDOWS\System32\shlwapi.dll
0x00007ffb811f0000 - 0x00007ffb81211000 	C:\WINDOWS\SYSTEM32\profapi.dll
0x00007ffb69c10000 - 0x00007ffb69c29000 	C:\Program Files\Java\jdk-11\bin\net.dll
0x00007ffb78640000 - 0x00007ffb78777000 	C:\WINDOWS\SYSTEM32\WINHTTP.dll
0x00007ffb80780000 - 0x00007ffb807e9000 	C:\WINDOWS\system32\mswsock.dll
0x00007ffb66780000 - 0x00007ffb66792000 	C:\Program Files\Java\jdk-11\bin\nio.dll
0x0000000069ac0000 - 0x0000000069ae4000 	C:\Users\HP\apache-maven-3.9.3-bin\apache-maven-3.9.3\lib\jansi-native\Windows\x86_64\jansi.dll

dbghelp: loaded successfully - version: 4.0.5 - missing functions: none
symbol engine: initialized successfully - sym options: 0x614 - pdb path: .;C:\Program Files\Java\jdk-11\bin;C:\WINDOWS\SYSTEM32;C:\WINDOWS\WinSxS\amd64_microsoft.windows.common-controls_6595b64144ccf1df_6.0.23481.1000_none_ea968b5019ed8007;C:\Program Files\Java\jdk-11\bin\server;C:\Users\HP\apache-maven-3.9.3-bin\apache-maven-3.9.3\lib\jansi-native\Windows\x86_64

VM Arguments:
jvm_args: -Dclassworlds.conf=C:\Users\HP\apache-maven-3.9.3-bin\apache-maven-3.9.3\bin\m2.conf -Dmaven.home=C:\Users\HP\apache-maven-3.9.3-bin\apache-maven-3.9.3 -Dlibrary.jansi.path=C:\Users\HP\apache-maven-3.9.3-bin\apache-maven-3.9.3\lib\jansi-native -Dmaven.multiModuleProjectDirectory=C:\Users\HP\Desktop\Sacco-Frontend 
java_command: org.codehaus.plexus.classworlds.launcher.Launcher package
java_class_path (initial): C:\Users\HP\apache-maven-3.9.3-bin\apache-maven-3.9.3\boot\plexus-classworlds-2.7.0.jar
Launcher Type: SUN_STANDARD

[Global flags]
     intx CICompilerCount                          = 3                                         {product} {ergonomic}
     uint ConcGCThreads                            = 1                                         {product} {ergonomic}
     uint G1ConcRefinementThreads                  = 4                                         {product} {ergonomic}
   size_t G1HeapRegionSize                         = 1048576                                   {product} {ergonomic}
    uintx GCDrainStackTargetSize                   = 64                                        {product} {ergonomic}
   size_t InitialHeapSize                          = 62914560                                  {product} {ergonomic}
   size_t MarkStackSize                            = 4194304                                   {product} {ergonomic}
   size_t MaxHeapSize                              = 1006632960                                {product} {ergonomic}
   size_t MaxNewSize                               = 603979776                                 {product} {ergonomic}
   size_t MinHeapDeltaBytes                        = 1048576                                   {product} {ergonomic}
    uintx NonNMethodCodeHeapSize                   = 5830732                                {pd product} {ergonomic}
    uintx NonProfiledCodeHeapSize                  = 122913754                              {pd product} {ergonomic}
    uintx ProfiledCodeHeapSize                     = 122913754                              {pd product} {ergonomic}
    uintx ReservedCodeCacheSize                    = 251658240                              {pd product} {ergonomic}
     bool SegmentedCodeCache                       = true                                      {product} {ergonomic}
     bool UseCompressedClassPointers               = true                                 {lp64_product} {ergonomic}
     bool UseCompressedOops                        = true                                 {lp64_product} {ergonomic}
     bool UseG1GC                                  = true                                      {product} {ergonomic}
     bool UseLargePagesIndividualAllocation        = false                                  {pd product} {ergonomic}

Logging:
Log output configuration:
 #0: stdout all=warning uptime,level,tags
 #1: stderr all=off uptime,level,tags

Environment Variables:
JAVA_HOME=C:\Program Files\Java\jdk-11
CLASSPATH=C:\apache-tomcat-10.0.22-windows-x64\apache-tomcat-10.0.22\lib\servlet-api.jar
PATH=C:\Program Files\Common Files\Oracle\Java\javapath;C:\WINDOWS\system32;C:\WINDOWS;C:\WINDOWS\System32\Wbem;C:\WINDOWS\System32\WindowsPowerShell\v1.0\;C:\WINDOWS\System32\OpenSSH\;C:\Program Files\Git\cmd\;C:\Program Files\Git\bin\;C:\Program Files\nodejs\;C:\Program Files\Java\bin;C:\apache-tomcat-10.0.22-windows-x64\apache-tomcat-10.0.22\bin;C:\Program Files\IBM\SPSS\Statistics\25\JRE\bin;C:\Program Files (x86)\dotnet\;C:\Users\HP\AppData\Local\Programs\Python\Python310\Scripts\;C:\Users\HP\AppData\Local\Programs\Python\Python310\;C:\Users\HP\AppData\Local\Microsoft\WindowsApps;C:\Users\HP\AppData\Local\Programs\Microsoft VS Code\bin;C:\Users\HP\AppData\Roaming\npm;C:\Program Files\CodeBlocks\MinGW\bin;C:\Users\HP\AppData\Local\GitHubDesktop\bin;C:\BSW\BSW3\SEM 2\DISTRIBUTED SYSTEMS\RmiTrial;C:\Program Files\Java\jdk-11\bin;C:\WINDOWS\system32;C:\WINDOWS;C:\WINDOWS\System32\Wbem;C:\WINDOWS\System32\WindowsPowerShell\v1.0\;C:\WINDOWS\System32\OpenSSH\;C:\Users\HP\apache-maven-3.9.3-bin\apache-maven-3.9.3\bin;C:\Program Files\MySQL\MySQL Shell 8.0\bin\;C:\Users\HP\AppData\Local\Programs\Python\Python310\Scripts\;C:\Users\HP\AppData\Local\Programs\Python\Python310\;C:\Users\HP\AppData\Local\Microsoft\WindowsApps;C:\Users\HP\AppData\Local\Programs\Microsoft VS Code\bin;C:\Users\HP\AppData\Roaming\npm;C:\Program Files\CodeBlocks\MinGW\bin;C:\Users\HP\AppData\Local\GitHubDesktop\bin;C:\Program Files\Java\jdk1.8.0_351\bin;C:\BSW\BSW3\SEM 2\DISTRIBUTED SYSTEMS\RmiTrial;
USERNAME=HP
OS=Windows_NT
PROCESSOR_IDENTIFIER=Intel64 Family 6 Model 126 Stepping 5, GenuineIntel



---------------  S Y S T E M  ---------------

OS: Windows 11 , 64 bit Build 23481 (10.0.23481.1000)

CPU:total 4 (initial active 4) (2 cores per cpu, 2 threads per core) family 6 model 126 stepping 5 microcode 0xb0, cmov, cx8, fxsr, mmx, sse, sse2, sse3, ssse3, sse4.1, sse4.2, popcnt, avx, avx2, aes, clmul, erms, 3dnowpref, lzcnt, ht, tsc, tscinvbit, bmi1, bmi2, adx, evex, sha, fma

Memory: 4k page, system-wide physical 3836M (137M free)
TotalPageFile size 15612M (AvailPageFile size 2M)
current process WorkingSet (physical memory assigned to process): 55M, peak: 55M
current process commit charge ("private bytes"): 138M, peak: 138M

vm_info: Java HotSpot(TM) 64-Bit Server VM (11.0.19+9-LTS-224) for windows-amd64 JRE (11.0.19+9-LTS-224), built on Mar 27 2023 08:48:55 by "mach5one" with MS VC++ 17.1 (VS2022)

END.
